<?xml version="1.0" encoding="UTF-8"?>
<beans xmlns="http://www.springframework.org/schema/beans"
	xmlns:xsi="http://www.w3.org/2001/XMLSchema-instance"
	xsi:schemaLocation="http://www.springframework.org/schema/beans http://www.springframework.org/schema/beans/spring-beans.xsd">

	<!-- 这里用于放置替代类似rpc-context里的消息总线服务之类的mock对象 -->
	<bean class="com.sunline.ccs.service.auth.test.mock.MediumServiceMock"/>
	<bean class="com.sunline.ccs.service.auth.test.mock.MPSCardServiceMock"/>
	<bean class="com.sunline.ccs.service.auth.test.mock.DownMsgFacilityMock"/>
	<bean class="com.sunline.ccs.service.auth.test.mock.DownSmsServiceMock"/>
	<bean class="com.sunline.ccs.service.auth.test.mock.RdsTransactionDetectServiceMock"/>
	
	<bean class="com.sunline.pcm.param.test.BmpParamGenerator"/>
	<bean class="com.sunline.pcm.service.sdk.UnifiedParameterFacility">
		<property name="unifiedParameterService" ref="parameterMock"/>
	</bean>
	
	<bean id="parameterMock" class="com.sunline.pcm.service.sdk.ParameterServiceMock"/>
	
	<bean id="globalManagementServiceMock" class="com.sunline.acm.service.sdk.GlobalManagementServiceMock"/>
	
	<!-- 测试数据生成 -->
	<bean class="com.sunline.ccs.test.TestDataGenerator"/>
	
	<bean class="com.sunline.ccs.test.DefaultParamGenerator"/>
</beans>
