<?xml version="1.0" encoding="UTF-8" standalone="no"?>
<beans default-lazy-init="false"
	xmlns:p="http://www.springframework.org/schema/p"
	xmlns="http://www.springframework.org/schema/beans"
	xmlns:context="http://www.springframework.org/schema/context"
	xmlns:xsi="http://www.w3.org/2001/XMLSchema-instance"
	xmlns:util="http://www.springframework.org/schema/util"
	xmlns:jee="http://www.springframework.org/schema/jee"
	xmlns:jms="http://www.springframework.org/schema/jms"
	xsi:schemaLocation="http://www.springframework.org/schema/jee http://www.springframework.org/schema/jee/spring-jee-3.1.xsd
		http://www.springframework.org/schema/jms http://www.springframework.org/schema/jms/spring-jms-3.1.xsd
		http://www.springframework.org/schema/beans http://www.springframework.org/schema/beans/spring-beans-3.1.xsd
		http://www.springframework.org/schema/util http://www.springframework.org/schema/util/spring-util-3.1.xsd
		http://www.springframework.org/schema/context http://www.springframework.org/schema/context/spring-context-3.1.xsd">

	<!-- 占位符 -->
	<bean id="env" class="org.springframework.beans.factory.config.PropertiesFactoryBean">
		<property name="locations" value="#{systemProperties['env.files'] ?: 'classpath:/dev/*.properties'}"/>
	</bean>

	<context:component-scan base-package="com.sunline.ccs.service.auth"/>
	<context:component-scan base-package="com.sunline.ccs.otb"/>
	<context:component-scan base-package="com.sunline.ccs.facility"/>
	<context:component-scan base-package="com.sunline.ccs.SERV"/>
	<context:component-scan base-package="com.sunline.ccs.service.provide.loan"/>
	
	<import resource="test-jpa.xml"/>
	
	<import resource="drools-context.xml"/>
	
	<!-- 导入测试对象，需要在案例中初始化，这里就不导入rpc-context.xml了 -->
	<import resource="test-mock.xml"/>
</beans>
