<?xml version="1.0" encoding="UTF-8" standalone="no"?>
<beans default-lazy-init="false"
	xmlns:p="http://www.springframework.org/schema/p"
	xmlns="http://www.springframework.org/schema/beans"
	xmlns:context="http://www.springframework.org/schema/context"
	xmlns:xsi="http://www.w3.org/2001/XMLSchema-instance"
	xmlns:util="http://www.springframework.org/schema/util"
	xmlns:jee="http://www.springframework.org/schema/jee"
	xmlns:jms="http://www.springframework.org/schema/jms"
	xmlns:batch="http://www.springframework.org/schema/batch"
	xmlns:task="http://www.springframework.org/schema/task"
	xsi:schemaLocation="http://www.springframework.org/schema/jee http://www.springframework.org/schema/jee/spring-jee-3.1.xsd
		http://www.springframework.org/schema/jms http://www.springframework.org/schema/jms/spring-jms-3.1.xsd
		http://www.springframework.org/schema/task http://www.springframework.org/schema/task/spring-task-3.2.xsd
		http://www.springframework.org/schema/beans http://www.springframework.org/schema/beans/spring-beans-3.1.xsd
		http://www.springframework.org/schema/util http://www.springframework.org/schema/util/spring-util-3.1.xsd
		http://www.springframework.org/schema/batch http://www.springframework.org/schema/batch/spring-batch.xsd
		http://www.springframework.org/schema/context http://www.springframework.org/schema/context/spring-context-3.1.xsd">

	<!-- 用于支持并发批量的线程池 -->
	<task:executor id="asyncTaskExecutor" pool-size="#{env['batchTaskPoolSize'] ?: 16}"/>
	
	<batch:job id="cc6000" >
	    <batch:step id="cc6001">
			<batch:tasklet>
				<batch:chunk reader="r6001" processor="p6001" writer="w6000" commit-interval="100" />
			</batch:tasklet>
		</batch:step>

	</batch:job>
	
	<bean id="r6001" class="com.sunline.ccs.batch.utils.NullItemReader" scope="step"/>
	<bean id="w6000" class="com.sunline.ark.batch.NullItemWriter" scope="step"/>
	<bean id="p6001" class="com.sunline.ccs.batch.cc6000.P6023PenaltyAccuPerDay" scope="step"/>
	<bean id="p6023PenaltyAccuPerDay" class="com.sunline.ccs.batch.cc6000.P6023PenaltyAccuPerDay"/>
	<bean id="p6008PenaltyAcruFillUp" class="com.sunline.ccs.batch.cc6000.P6008PenaltyAcruFillUp"/>
	<bean id="p6022InterestAcruToday" class="com.sunline.ccs.batch.cc6000.P6022InterestAcruToday"/>
	<bean id="p6026MCEICoupon" class="com.sunline.ccs.batch.cc6000.P6026MCEICoupon"/>
	<bean id="p6009MCATCoupon" class="com.sunline.ccs.batch.cc6000.P6009MCATCoupon"/>
</beans>
