<?xml version="1.0" encoding="UTF-8"?>
<beans xmlns="http://www.springframework.org/schema/beans"
	xmlns:xsi="http://www.w3.org/2001/XMLSchema-instance"
	xsi:schemaLocation="http://www.springframework.org/schema/beans http://www.springframework.org/schema/beans/spring-beans.xsd">

<!-- 不使用FTS机制，测试文件可以生成在本地目录 -->
	<bean id="p6001" class="org.springframework.batch.item.support.CompositeItemProcessor">
		<property name="delegates">
			<list>
<!-- 				
				<bean class="com.sunline.ccs.batch.cc6000.P6008PenaltyAcruFillUp"/>
				<bean class="com.sunline.ccs.batch.cc6000.P6023PenaltyAccuPerDay"/>
-->
			</list>
		</property>
	</bean>
</beans>
