<?xml version="1.0" encoding="UTF-8" standalone="no"?>
<beans default-lazy-init="false"
	xmlns:p="http://www.springframework.org/schema/p"
	xmlns="http://www.springframework.org/schema/beans"
	xmlns:context="http://www.springframework.org/schema/context"
	xmlns:xsi="http://www.w3.org/2001/XMLSchema-instance"
	xmlns:util="http://www.springframework.org/schema/util"
	xmlns:jee="http://www.springframework.org/schema/jee"
	xmlns:jms="http://www.springframework.org/schema/jms"
	xmlns:batch="http://www.springframework.org/schema/batch"
	xsi:schemaLocation="http://www.springframework.org/schema/jee http://www.springframework.org/schema/jee/spring-jee-3.1.xsd
		http://www.springframework.org/schema/jms http://www.springframework.org/schema/jms/spring-jms-3.1.xsd
		http://www.springframework.org/schema/beans http://www.springframework.org/schema/beans/spring-beans-3.1.xsd
		http://www.springframework.org/schema/util http://www.springframework.org/schema/util/spring-util-3.1.xsd
		http://www.springframework.org/schema/batch http://www.springframework.org/schema/batch/spring-batch.xsd
		http://www.springframework.org/schema/context http://www.springframework.org/schema/context/spring-context-3.1.xsd">

	<!-- 占位符 -->
<!-- 	<bean class="com.sunline.ccs.batch.s9100.P9102PBOC"></bean>
	<bean class="com.sunline.ccs.batch.s4500.P4501Renew"></bean>
	<bean class="com.sunline.ccs.batch.s4500.P4502Renew"></bean>
	<bean class="com.sunline.ccs.batch.s0000.P0001Setup"></bean>
	<bean class="com.sunline.ccs.batch.s6600.P6605CashLoanDirectCredit"></bean> -->
</beans>
