<?xml version="1.0" encoding="UTF-8" standalone="no"?>
<beans xmlns="http://www.springframework.org/schema/beans"
	xmlns:context="http://www.springframework.org/schema/context"
	xmlns:xsi="http://www.w3.org/2001/XMLSchema-instance"
	xmlns:rabbit="http://www.springframework.org/schema/rabbit"
	xsi:schemaLocation="http://www.springframework.org/schema/rabbit http://www.springframework.org/schema/rabbit/spring-rabbit-1.1.xsd
		http://www.springframework.org/schema/beans http://www.springframework.org/schema/beans/spring-beans-3.1.xsd
		http://www.springframework.org/schema/context http://www.springframework.org/schema/context/spring-context-3.1.xsd">
	
	
	<!-- 导入消息队列通用配置 -->
	<import resource="acm-sdk-mq-context.xml"/>

	<!-- 导入BMP服务配置 -->
	<import resource="pcm-sdk-mq-context.xml"/>
	
	<!-- 调用nfs-client -->
	<bean id="bankService" class="com.sunline.acm.service.sdk.ServiceProxyFactoryBean">
		<property name="queueName" value="nfs.rpc.client" />
		<property name="serviceInterface" value="com.sunline.ppy.api.BankServiceForAps" />
	</bean>
	
</beans>
