<?xml version="1.0" encoding="UTF-8"?>
<beans xmlns="http://www.springframework.org/schema/beans"
	xmlns:xsi="http://www.w3.org/2001/XMLSchema-instance"
	xmlns:tx="http://www.springframework.org/schema/tx"
	xmlns:jee="http://www.springframework.org/schema/jee"
	xmlns:jpa="http://www.springframework.org/schema/data/jpa"
	xmlns:jdbc="http://www.springframework.org/schema/jdbc"
	xsi:schemaLocation="http://www.springframework.org/schema/jdbc http://www.springframework.org/schema/jdbc/spring-jdbc-3.1.xsd
		http://www.springframework.org/schema/jee http://www.springframework.org/schema/jee/spring-jee-3.1.xsd
		http://www.springframework.org/schema/beans http://www.springframework.org/schema/beans/spring-beans.xsd
		http://www.springframework.org/schema/data/jpa http://www.springframework.org/schema/data/jpa/spring-jpa-1.1.xsd
		http://www.springframework.org/schema/tx http://www.springframework.org/schema/tx/spring-tx-3.1.xsd">

	<!-- 这里定义JPA相关配置。总体上来说，这里使用以Hibernate为Provider的JPA2.0方案，使用Spring来进行集成，不依赖于容器的JPA实现。 -->
	
	<jdbc:embedded-database id="dataSource" type="HSQL">
		<jdbc:script location="classpath:org/springframework/batch/core/schema-hsqldb.sql"/>
	</jdbc:embedded-database>

	<bean id="emf" class="org.springframework.orm.jpa.LocalContainerEntityManagerFactoryBean">
		<description>
			定义EntityManagerFactory，用于Spring控制事务。
			具体的Hibernate配置在persistence.xml中控制，包括JPA Provider和Hibernate的各种参数（不含组件扫描)。
			为了避免在JavaEE容器使用默认的persistence.xml进行自动配置JPA，这里额外指定了文件名。
		</description>
		<property name="dataSource" ref="dataSource" />
		<property name="persistenceUnitName" value="default" />
		<property name="packagesToScan">
			<list>
				<value>com.sunline.ccs.infrastructure.shared.model</value>
				<value>com.sunline.ark.batch.meta</value>
			</list>
		</property>
		<property name="persistenceProviderClass" value="org.hibernate.ejb.HibernatePersistence"/>
		<property name="jpaPropertyMap">
			<map> 
				<entry key="hibernate.hbm2ddl.auto" value="create-drop" /> 
				<entry key="hibernate.dialect" value="org.hibernate.dialect.HSQLDialect" />
				<entry key="hibernate.show_sql" value="true" />
				<entry key="hibernate.format_sql" value="true" />
				<entry key="hibernate.generate_statistics" value="true" />
				<entry key="hibernate.connection.release_mode" value="on_close"/>
			</map>
		</property>
	</bean>
	
    <!-- 事务设置 -->
    <bean id="transactionManager" class="com.sunline.ark.batch.YakBatchTransactionManager">
    	<property name="entityManagerFactory" ref="emf"/>
    </bean>
	<bean id="transactionListener" class="com.sunline.ark.batch.YakBatchStepListener">
		<property name="transactionManager" ref="transactionManager"/>
	</bean>

	<!-- 事务使用AspectJ进行编译时Weave -->
	<tx:annotation-driven mode="aspectj" transaction-manager="transactionManager"/>

	<!-- Spring Data -->
	<jpa:repositories base-package="com.sunline.ccs.infrastructure.*"/>
</beans>
