<?xml version="1.0" encoding="UTF-8" standalone="no"?>
<beans default-lazy-init="false"
	xmlns:p="http://www.springframework.org/schema/p"
	xmlns="http://www.springframework.org/schema/beans"
	xmlns:context="http://www.springframework.org/schema/context"
	xmlns:xsi="http://www.w3.org/2001/XMLSchema-instance"
	xmlns:util="http://www.springframework.org/schema/util"
	xmlns:jee="http://www.springframework.org/schema/jee"
	xmlns:jms="http://www.springframework.org/schema/jms"
	xmlns:batch="http://www.springframework.org/schema/batch"
	xmlns:task="http://www.springframework.org/schema/task"
	xsi:schemaLocation="http://www.springframework.org/schema/jee http://www.springframework.org/schema/jee/spring-jee-3.1.xsd
		http://www.springframework.org/schema/jms http://www.springframework.org/schema/jms/spring-jms-3.1.xsd
		http://www.springframework.org/schema/task http://www.springframework.org/schema/task/spring-task-3.2.xsd
		http://www.springframework.org/schema/beans http://www.springframework.org/schema/beans/spring-beans-3.1.xsd
		http://www.springframework.org/schema/util http://www.springframework.org/schema/util/spring-util-3.1.xsd
		http://www.springframework.org/schema/batch http://www.springframework.org/schema/batch/spring-batch.xsd
		http://www.springframework.org/schema/context http://www.springframework.org/schema/context/spring-context-3.1.xsd">


	<!-- 导入步骤定义 -->
	<import resource="test-steps-cc8500.xml"/>
	<import resource="test-steps-cc8501.xml"/>
	
	<!-- 用于支持并发批量的线程池 -->
	<task:executor id="asyncTaskExecutor" pool-size="#{env['batchTaskPoolSize'] ?: 16}"/>
	
	<batch:job id="ccsCrlmtOPAdj" >
		<!-- 批量调额 -->
		<batch:step id="cc8501">
			<batch:tasklet>
				<batch:chunk reader="r8501" processor="p8501" writer="w8501" commit-interval="#{env['commitInterval'] ?: 100}"/>
			</batch:tasklet>
		</batch:step>
		
		<!-- 手工调额报表 -->
		<!-- 
		<batch:step id="cc8502">
			  <batch:tasklet>
	        	<batch:chunk reader="r8502" processor="p8502" writer="w8502"  commit-interval="#{env['commitInterval'] ?: 100}" />
	        </batch:tasklet>
        </batch:step>
		-->
	</batch:job>

</beans>
