<?xml version="1.0" encoding="UTF-8" standalone="no"?>
<beans default-lazy-init="false"
	xmlns:p="http://www.springframework.org/schema/p"
	xmlns="http://www.springframework.org/schema/beans"
	xmlns:context="http://www.springframework.org/schema/context"
	xmlns:xsi="http://www.w3.org/2001/XMLSchema-instance"
	xmlns:util="http://www.springframework.org/schema/util"
	xmlns:jee="http://www.springframework.org/schema/jee"
	xmlns:jms="http://www.springframework.org/schema/jms"
	xmlns:batch="http://www.springframework.org/schema/batch"
	xmlns:task="http://www.springframework.org/schema/task"
	xsi:schemaLocation="http://www.springframework.org/schema/jee http://www.springframework.org/schema/jee/spring-jee-3.1.xsd
		http://www.springframework.org/schema/jms http://www.springframework.org/schema/jms/spring-jms-3.1.xsd
		http://www.springframework.org/schema/task http://www.springframework.org/schema/task/spring-task-3.2.xsd
		http://www.springframework.org/schema/beans http://www.springframework.org/schema/beans/spring-beans-3.1.xsd
		http://www.springframework.org/schema/util http://www.springframework.org/schema/util/spring-util-3.1.xsd
		http://www.springframework.org/schema/batch http://www.springframework.org/schema/batch/spring-batch.xsd
		http://www.springframework.org/schema/context http://www.springframework.org/schema/context/spring-context-3.1.xsd">


	<!-- 导入步骤定义 -->
	<import resource="test-steps-cca401.xml"/>
	<import resource="test-steps-cca-general.xml"/>
	
	<!-- 用于支持并发批量的线程池 -->
	<task:executor id="asyncTaskExecutor" pool-size="#{env['batchTaskPoolSize'] ?: 16}"/>
	<batch:job id="SA401Job">
		
		<batch:step id="cca401SettleReplaceFee" next="cca402SettlePremiumAmt">
			<batch:description>结算代收费记录</batch:description>
			<batch:tasklet>
				<batch:chunk reader="ra401" writer="wa401" commit-interval="#{env['commitInterval'] ?: 100}" />
			</batch:tasklet>
		</batch:step>
		
		<batch:step id="cca402SettlePremiumAmt" next="cca408SettleFile">
			<batch:description>结算趸交费记录</batch:description>
			<batch:tasklet>
				<batch:chunk reader="ra402" writer="wa402" commit-interval="#{env['commitInterval'] ?: 100}" />
			</batch:tasklet>
		</batch:step>
        
        <batch:step id="cca408SettleFile" next="cca409SendSettleRpt">
        	<batch:description>结算文件生成</batch:description>
        	<batch:tasklet>
        		<batch:chunk reader="ra408" writer="wa408" commit-interval="#{env['commitInterval'] ?: 100}" />
        	</batch:tasklet>
        </batch:step>
        
        <batch:step id="cca409SendSettleRpt" >
        	<batch:tasklet ref="oa409"/>
        </batch:step>
		
	</batch:job>
</beans>
