<?xml version="1.0" encoding="UTF-8" standalone="no"?>
<beans default-lazy-init="false"
	xmlns:p="http://www.springframework.org/schema/p"
	xmlns="http://www.springframework.org/schema/beans"
	xmlns:context="http://www.springframework.org/schema/context"
	xmlns:xsi="http://www.w3.org/2001/XMLSchema-instance"
	xmlns:util="http://www.springframework.org/schema/util"
	xmlns:jee="http://www.springframework.org/schema/jee"
	xmlns:jms="http://www.springframework.org/schema/jms"
	xmlns:batch="http://www.springframework.org/schema/batch"
	xsi:schemaLocation="http://www.springframework.org/schema/jee http://www.springframework.org/schema/jee/spring-jee-3.1.xsd
		http://www.springframework.org/schema/jms http://www.springframework.org/schema/jms/spring-jms-3.1.xsd
		http://www.springframework.org/schema/beans http://www.springframework.org/schema/beans/spring-beans-3.1.xsd
		http://www.springframework.org/schema/util http://www.springframework.org/schema/util/spring-util-3.1.xsd
		http://www.springframework.org/schema/batch http://www.springframework.org/schema/batch/spring-batch.xsd
		http://www.springframework.org/schema/context http://www.springframework.org/schema/context/spring-context-3.1.xsd">

	<import resource="test-context-cca-general.xml"/>
	
	<!-- 导入批量定义，通过配置力争使测试中的定义与实际定义完全一致，避免因为维护两套定义造成的问题 -->
<!-- 	<import resource="test-jobs-cca000.xml"/> -->
<!-- 	<import resource="test-jobs-cca200.xml"/> -->
<!-- 	<import resource="test-jobs-cca210.xml"/> -->
<!-- 	<import resource="test-jobs-cca401.xml"/> -->
<!-- 	<import resource="test-jobs-ccaReplaceLateFee.xml"/> -->
<!-- 	<import resource="test-jobs-cca400.xml"/> -->
<!-- 	<import resource="test-jobs-cca220.xml"/> -->
<!-- 	<import resource="test-jobs-rpt.xml"/> -->
<!-- 	<import resource="test-jobs-cca-local.xml"/> -->
	<import resource="test-jobs-cca6000.xml"/>
<!-- 	<import resource="../test-jobs-cc1400.xml"/> -->
	
	<!-- HSQl内存数据库版的JPA定久 -->
<!-- 	<import resource="test-jpa-hsql.xml"/> -->
	<import resource="test-jpa-oracle.xml"/>
	
	<!-- 规则引擎配置 -->
<!-- 	<import resource="drools-context.xml"/> -->
	
<!-- 	<import resource="test-processor.xml"/> -->
</beans>
