<?xml version="1.0" encoding="UTF-8"?>
<beans xmlns="http://www.springframework.org/schema/beans"
	xmlns:xsi="http://www.w3.org/2001/XMLSchema-instance"
	xmlns:p="http://www.springframework.org/schema/p"
	xsi:schemaLocation="http://www.springframework.org/schema/beans http://www.springframework.org/schema/beans/spring-beans-3.1.xsd">
		<!-- 催收PTP文件 -->
	<bean id="resS6000PtpPaymentFile" class="com.sunline.ark.batch.ResourceFactoryBean" scope="step">
		<description>催收PTP文件</description>
		<property name="resource" value="file:#{env.batchWorkDir}/#{new java.text.SimpleDateFormat('yyyyMMdd').format(batchStatusFacility.getBatchDate())}/ptpRepayment" />
	</bean>
</beans>
